<?xml version="1.0" encoding="UTF-8"?>
<!-- Generated by org.testng.reporters.JUnitXMLReporter -->
<testsuite hostname="DESKTOP-1V5OVE0" ignored="0" name="Default test" tests="4" failures="0" timestamp="09 Sep 2020 18:43:48 GMT" time="31.207" errors="0">
  <testcase name="testCase1" time="5.761" classname="org.sample.Introduction"/>
  <testcase name="testCase2" time="5.587" classname="org.sample.Introduction"/>
  <testcase name="testCase4" time="8.131" classname="org.sample.Introduction"/>
  <testcase name="testCase3" time="7.443" classname="org.sample.Introduction"/>
</testsuite> <!-- Default test -->
