<?xml version="1.0" encoding="UTF-8"?>
<!-- Generated by org.testng.reporters.JUnitXMLReporter -->
<testsuite hostname="DESKTOP-1V5OVE0" ignored="0" name="Test" tests="8" failures="0" timestamp="09 Sep 2020 19:09:25 GMT" time="12.903" errors="0">
  <testcase name="testCase1" time="2.693" classname="org.sample.ParallelExecutionTwo"/>
  <testcase name="testCase1" time="2.984" classname="org.sample.ParallelExecution"/>
  <testcase name="testCase2" time="0.994" classname="org.sample.ParallelExecutionTwo"/>
  <testcase name="testCase2" time="0.78" classname="org.sample.ParallelExecution"/>
  <testcase name="testCase3" time="1.608" classname="org.sample.ParallelExecutionTwo"/>
  <testcase name="testCase3" time="1.706" classname="org.sample.ParallelExecution"/>
  <testcase name="testCase4" time="3.025" classname="org.sample.ParallelExecutionTwo"/>
  <testcase name="testCase4" time="3.065" classname="org.sample.ParallelExecution"/>
</testsuite> <!-- Test -->
