<?xml version="1.0" encoding="UTF-8"?>
<testng-results skipped="0" failed="0" ignored="0" total="2" passed="2">
  <reporter-output>
  </reporter-output>
  <suite name="Suite" duration-ms="8008" started-at="2020-09-09T19:40:38Z" finished-at="2020-09-09T19:40:46Z">
    <groups>
    </groups>
    <test name="Test1" duration-ms="8008" started-at="2020-09-09T19:40:38Z" finished-at="2020-09-09T19:40:46Z">
      <class name="org.sample.CrossBrowser">
        <test-method status="PASS" signature="testCase1(java.lang.String)[pri:0, instance:org.sample.CrossBrowser@7823a2f9]" name="testCase1" duration-ms="7990" started-at="2020-09-09T19:40:38Z" finished-at="2020-09-09T19:40:46Z">
          <params>
            <param index="0">
              <value>
                <![CDATA[chrome]]>
              </value>
            </param>
          </params>
          <reporter-output>
          </reporter-output>
        </test-method> <!-- testCase1 -->
      </class> <!-- org.sample.CrossBrowser -->
    </test> <!-- Test1 -->
    <test name="Test2" duration-ms="8008" started-at="2020-09-09T19:40:38Z" finished-at="2020-09-09T19:40:46Z">
      <class name="org.sample.CrossBrowser">
        <test-method status="PASS" signature="testCase1(java.lang.String)[pri:0, instance:org.sample.CrossBrowser@77caeb3e]" name="testCase1" duration-ms="7990" started-at="2020-09-09T19:40:38Z" finished-at="2020-09-09T19:40:46Z">
          <params>
            <param index="0">
              <value>
                <![CDATA[firefox]]>
              </value>
            </param>
          </params>
          <reporter-output>
          </reporter-output>
        </test-method> <!-- testCase1 -->
      </class> <!-- org.sample.CrossBrowser -->
    </test> <!-- Test2 -->
  </suite> <!-- Suite -->
</testng-results>
